<?xml version="1.0" encoding="UTF-8"?>
<!-- Generated by org.testng.reporters.JUnitReportReporter -->
<testsuite hostname="DESKTOP-C58B4F4" failures="0" tests="1" name="com.tests.loginPageTestFirefox" time="72.332" errors="0" timestamp="16 feb. 2021 01:00:12 GMT" skipped="0">
  <testcase classname="com.tests.loginPageTestFirefox" name="registrationPage" time="72.332"/>
</testsuite> <!-- com.tests.loginPageTestFirefox -->
