<?xml version="1.0" encoding="UTF-8"?>
<!-- Generated by org.testng.reporters.JUnitReportReporter -->
<testsuite hostname="DESKTOP-C58B4F4" failures="0" tests="1" name="com.tests.loginPageTestChrome" time="61.307" errors="0" timestamp="16 feb. 2021 01:00:12 GMT" skipped="0">
  <testcase classname="com.tests.loginPageTestChrome" name="registrationPage" time="61.307"/>
</testsuite> <!-- com.tests.loginPageTestChrome -->
